{"$message_type":"diagnostic","message":"failed to resolve: use of unresolved module or unlinked crate `tower`","code":{"code":"E0433","explanation":"An undeclared crate, module, or type was used.\n\nErroneous code example:\n\n```compile_fail,E0433\nlet map = HashMap::new();\n// error: failed to resolve: use of undeclared type `HashMap`\n```\n\nPlease verify you didn't misspell the type/module's name or that you didn't\nforget to import it:\n\n```\nuse std::collections::HashMap; // HashMap has been imported.\nlet map: HashMap<u32, u32> = HashMap::new(); // So it can be used!\n```\n\nIf you've expected to use a crate name:\n\n```compile_fail\nuse ferris_wheel::BigO;\n// error: failed to resolve: use of undeclared module or unlinked crate\n```\n\nMake sure the crate has been added as a dependency in `Cargo.toml`.\n\nTo use a module from your current crate, add the `crate::` prefix to the path.\n"},"level":"error","spans":[{"file_name":"tests/integration.rs","byte_start":65,"byte_end":70,"line_start":3,"line_end":3,"column_start":5,"column_end":10,"is_primary":true,"text":[{"text":"use tower::util::ServiceExt;","highlight_start":5,"highlight_end":10}],"label":"use of unresolved module or unlinked crate `tower`","suggested_replacement":null,"suggestion_applicability":null,"expansion":null}],"children":[{"message":"if you wanted to use a crate named `tower`, use `cargo add tower` to add it to your `Cargo.toml`","code":null,"level":"help","spans":[],"children":[],"rendered":null}],"rendered":"\u001b[1m\u001b[91merror[E0433]\u001b[0m\u001b[1m: failed to resolve: use of unresolved module or unlinked crate `tower`\u001b[0m\n \u001b[1m\u001b[94m--> \u001b[0mtests/integration.rs:3:5\n  \u001b[1m\u001b[94m|\u001b[0m\n\u001b[1m\u001b[94m3\u001b[0m \u001b[1m\u001b[94m|\u001b[0m use tower::util::ServiceExt;\n  \u001b[1m\u001b[94m|\u001b[0m     \u001b[1m\u001b[91m^^^^^\u001b[0m \u001b[1m\u001b[91muse of unresolved module or unlinked crate `tower`\u001b[0m\n  \u001b[1m\u001b[94m|\u001b[0m\n  \u001b[1m\u001b[94m= \u001b[0m\u001b[1mhelp\u001b[0m: if you wanted to use a crate named `tower`, use `cargo add tower` to add it to your `Cargo.toml`\n\n"}
{"$message_type":"diagnostic","message":"unresolved import `axum::body::to_bytes`","code":{"code":"E0432","explanation":"An import was unresolved.\n\nErroneous code example:\n\n```compile_fail,E0432\nuse something::Foo; // error: unresolved import `something::Foo`.\n```\n\nIn Rust 2015, paths in `use` statements are relative to the crate root. To\nimport items relative to the current and parent modules, use the `self::` and\n`super::` prefixes, respectively.\n\nIn Rust 2018 or later, paths in `use` statements are relative to the current\nmodule unless they begin with the name of a crate or a literal `crate::`, in\nwhich case they start from the crate root. As in Rust 2015 code, the `self::`\nand `super::` prefixes refer to the current and parent modules respectively.\n\nAlso verify that you didn't misspell the import name and that the import exists\nin the module from where you tried to import it. Example:\n\n```\nuse self::something::Foo; // Ok.\n\nmod something {\n    pub struct Foo;\n}\n# fn main() {}\n```\n\nIf you tried to use a module from an external crate and are using Rust 2015,\nyou may have missed the `extern crate` declaration (which is usually placed in\nthe crate root):\n\n```edition2015\nextern crate core; // Required to use the `core` crate in Rust 2015.\n\nuse core::any;\n# fn main() {}\n```\n\nSince Rust 2018 the `extern crate` declaration is not required and\nyou can instead just `use` it:\n\n```edition2018\nuse core::any; // No extern crate required in Rust 2018.\n# fn main() {}\n```\n"},"level":"error","spans":[{"file_name":"tests/integration.rs","byte_start":23,"byte_end":31,"line_start":1,"line_end":1,"column_start":24,"column_end":32,"is_primary":true,"text":[{"text":"use axum::body::{Body, to_bytes};","highlight_start":24,"highlight_end":32}],"label":"no `to_bytes` in `body`","suggested_replacement":null,"suggestion_applicability":null,"expansion":null}],"children":[],"rendered":"\u001b[1m\u001b[91merror[E0432]\u001b[0m\u001b[1m: unresolved import `axum::body::to_bytes`\u001b[0m\n \u001b[1m\u001b[94m--> \u001b[0mtests/integration.rs:1:24\n  \u001b[1m\u001b[94m|\u001b[0m\n\u001b[1m\u001b[94m1\u001b[0m \u001b[1m\u001b[94m|\u001b[0m use axum::body::{Body, to_bytes};\n  \u001b[1m\u001b[94m|\u001b[0m                        \u001b[1m\u001b[91m^^^^^^^^\u001b[0m \u001b[1m\u001b[91mno `to_bytes` in `body`\u001b[0m\n\n"}
{"$message_type":"diagnostic","message":"no method named `oneshot` found for struct `Router<S, B>` in the current scope","code":{"code":"E0599","explanation":"This error occurs when a method is used on a type which doesn't implement it:\n\nErroneous code example:\n\n```compile_fail,E0599\nstruct Mouth;\n\nlet x = Mouth;\nx.chocolate(); // error: no method named `chocolate` found for type `Mouth`\n               //        in the current scope\n```\n\nIn this case, you need to implement the `chocolate` method to fix the error:\n\n```\nstruct Mouth;\n\nimpl Mouth {\n    fn chocolate(&self) { // We implement the `chocolate` method here.\n        println!(\"Hmmm! I love chocolate!\");\n    }\n}\n\nlet x = Mouth;\nx.chocolate(); // ok!\n```\n"},"level":"error","spans":[{"file_name":"/home/onehothodler/.cargo/registry/src/index.crates.io-1949cf8c6b5b557f/tower-0.4.13/src/util/mod.rs","byte_start":2468,"byte_end":2475,"line_start":96,"line_end":96,"column_start":8,"column_end":15,"is_primary":false,"text":[{"text":"    fn oneshot(self, req: Request) -> Oneshot<Self, Request>","highlight_start":8,"highlight_end":15}],"label":"the method is available for `Router` here","suggested_replacement":null,"suggestion_applicability":null,"expansion":null},{"file_name":"tests/integration.rs","byte_start":356,"byte_end":363,"line_start":15,"line_end":15,"column_start":20,"column_end":27,"is_primary":true,"text":[{"text":"    let resp = app.oneshot(req).await.expect(\"request failed\");","highlight_start":20,"highlight_end":27}],"label":null,"suggested_replacement":null,"suggestion_applicability":null,"expansion":null}],"children":[{"message":"items from traits can only be used if the trait is in scope","code":null,"level":"help","spans":[],"children":[],"rendered":null},{"message":"there is a method `nest` with a similar name, but with different arguments","code":null,"level":"help","spans":[{"file_name":"/home/onehothodler/.cargo/registry/src/index.crates.io-1949cf8c6b5b557f/axum-0.6.20/src/routing/mod.rs","byte_start":4444,"byte_end":4507,"line_start":151,"line_end":151,"column_start":5,"column_end":68,"is_primary":true,"text":[{"text":"    pub fn nest(mut self, path: &str, router: Router<S, B>) -> Self {","highlight_start":5,"highlight_end":68}],"label":null,"suggested_replacement":null,"suggestion_applicability":null,"expansion":null}],"children":[],"rendered":null},{"message":"trait `ServiceExt` which provides `oneshot` is implemented but not in scope; perhaps you want to import it","code":null,"level":"help","spans":[{"file_name":"tests/integration.rs","byte_start":0,"byte_end":0,"line_start":1,"line_end":1,"column_start":1,"column_end":1,"is_primary":true,"text":[],"label":null,"suggested_replacement":"use tower::util::ServiceExt;\n","suggestion_applicability":"MaybeIncorrect","expansion":null}],"children":[],"rendered":null}],"rendered":"\u001b[1m\u001b[91merror[E0599]\u001b[0m\u001b[1m: no method named `oneshot` found for struct `Router<S, B>` in the current scope\u001b[0m\n   \u001b[1m\u001b[94m--> \u001b[0mtests/integration.rs:15:20\n    \u001b[1m\u001b[94m|\u001b[0m\n \u001b[1m\u001b[94m15\u001b[0m \u001b[1m\u001b[94m|\u001b[0m     let resp = app.oneshot(req).await.expect(\"request failed\");\n    \u001b[1m\u001b[94m|\u001b[0m                    \u001b[1m\u001b[91m^^^^^^^\u001b[0m\n    \u001b[1m\u001b[94m|\u001b[0m\n   \u001b[1m\u001b[94m::: \u001b[0m/home/onehothodler/.cargo/registry/src/index.crates.io-1949cf8c6b5b557f/tower-0.4.13/src/util/mod.rs:96:8\n    \u001b[1m\u001b[94m|\u001b[0m\n \u001b[1m\u001b[94m96\u001b[0m \u001b[1m\u001b[94m|\u001b[0m     fn oneshot(self, req: Request) -> Oneshot<Self, Request>\n    \u001b[1m\u001b[94m|\u001b[0m        \u001b[1m\u001b[94m-------\u001b[0m \u001b[1m\u001b[94mthe method is available for `Router` here\u001b[0m\n    \u001b[1m\u001b[94m|\u001b[0m\n    \u001b[1m\u001b[94m= \u001b[0m\u001b[1mhelp\u001b[0m: items from traits can only be used if the trait is in scope\n\u001b[1m\u001b[96mhelp\u001b[0m: there is a method `nest` with a similar name, but with different arguments\n   \u001b[1m\u001b[94m--> \u001b[0m/home/onehothodler/.cargo/registry/src/index.crates.io-1949cf8c6b5b557f/axum-0.6.20/src/routing/mod.rs:151:5\n    \u001b[1m\u001b[94m|\u001b[0m\n\u001b[1m\u001b[94m151\u001b[0m \u001b[1m\u001b[94m|\u001b[0m     pub fn nest(mut self, path: &str, router: Router<S, B>) -> Self {\n    \u001b[1m\u001b[94m|\u001b[0m     \u001b[1m\u001b[96m^^^^^^^^^^^^^^^^^^^^^^^^^^^^^^^^^^^^^^^^^^^^^^^^^^^^^^^^^^^^^^^\u001b[0m\n\u001b[1m\u001b[96mhelp\u001b[0m: trait `ServiceExt` which provides `oneshot` is implemented but not in scope; perhaps you want to import it\n    \u001b[1m\u001b[94m|\u001b[0m\n  \u001b[1m\u001b[94m1\u001b[0m \u001b[92m+ use tower::util::ServiceExt;\u001b[0m\n    \u001b[1m\u001b[94m|\u001b[0m\n\n"}
{"$message_type":"diagnostic","message":"type annotations needed","code":{"code":"E0282","explanation":"The compiler could not infer a type and asked for a type annotation.\n\nErroneous code example:\n\n```compile_fail,E0282\nlet x = Vec::new();\n```\n\nThis error indicates that type inference did not result in one unique possible\ntype, and extra information is required. In most cases this can be provided\nby adding a type annotation. Sometimes you need to specify a generic type\nparameter manually.\n\nIn the example above, type `Vec` has a type parameter `T`. When calling\n`Vec::new`, barring any other later usage of the variable `x` that allows the\ncompiler to infer what type `T` is, the compiler needs to be told what it is.\n\nThe type can be specified on the variable:\n\n```\nlet x: Vec<i32> = Vec::new();\n```\n\nThe type can also be specified in the path of the expression:\n\n```\nlet x = Vec::<i32>::new();\n```\n\nIn cases with more complex types, it is not necessary to annotate the full\ntype. Once the ambiguity is resolved, the compiler can infer the rest:\n\n```\nlet x: Vec<_> = \"hello\".chars().rev().collect();\n```\n\nAnother way to provide the compiler with enough information, is to specify the\ngeneric type parameter:\n\n```\nlet x = \"hello\".chars().rev().collect::<Vec<char>>();\n```\n\nAgain, you need not specify the full type if the compiler can infer it:\n\n```\nlet x = \"hello\".chars().rev().collect::<Vec<_>>();\n```\n\nApart from a method or function with a generic type parameter, this error can\noccur when a type parameter of a struct or trait cannot be inferred. In that\ncase it is not always possible to use a type annotation, because all candidates\nhave the same return type. For instance:\n\n```compile_fail,E0282\nstruct Foo<T> {\n    num: T,\n}\n\nimpl<T> Foo<T> {\n    fn bar() -> i32 {\n        0\n    }\n\n    fn baz() {\n        let number = Foo::bar();\n    }\n}\n```\n\nThis will fail because the compiler does not know which instance of `Foo` to\ncall `bar` on. Change `Foo::bar()` to `Foo::<T>::bar()` to resolve the error.\n"},"level":"error","spans":[{"file_name":"tests/integration.rs","byte_start":352,"byte_end":374,"line_start":15,"line_end":15,"column_start":16,"column_end":38,"is_primary":true,"text":[{"text":"    let resp = app.oneshot(req).await.expect(\"request failed\");","highlight_start":16,"highlight_end":38}],"label":"cannot infer type","suggested_replacement":null,"suggestion_applicability":null,"expansion":null}],"children":[],"rendered":"\u001b[1m\u001b[91merror[E0282]\u001b[0m\u001b[1m: type annotations needed\u001b[0m\n  \u001b[1m\u001b[94m--> \u001b[0mtests/integration.rs:15:16\n   \u001b[1m\u001b[94m|\u001b[0m\n\u001b[1m\u001b[94m15\u001b[0m \u001b[1m\u001b[94m|\u001b[0m     let resp = app.oneshot(req).await.expect(\"request failed\");\n   \u001b[1m\u001b[94m|\u001b[0m                \u001b[1m\u001b[91m^^^^^^^^^^^^^^^^^^^^^^\u001b[0m \u001b[1m\u001b[91mcannot infer type\u001b[0m\n\n"}
{"$message_type":"diagnostic","message":"type annotations needed","code":{"code":"E0282","explanation":"The compiler could not infer a type and asked for a type annotation.\n\nErroneous code example:\n\n```compile_fail,E0282\nlet x = Vec::new();\n```\n\nThis error indicates that type inference did not result in one unique possible\ntype, and extra information is required. In most cases this can be provided\nby adding a type annotation. Sometimes you need to specify a generic type\nparameter manually.\n\nIn the example above, type `Vec` has a type parameter `T`. When calling\n`Vec::new`, barring any other later usage of the variable `x` that allows the\ncompiler to infer what type `T` is, the compiler needs to be told what it is.\n\nThe type can be specified on the variable:\n\n```\nlet x: Vec<i32> = Vec::new();\n```\n\nThe type can also be specified in the path of the expression:\n\n```\nlet x = Vec::<i32>::new();\n```\n\nIn cases with more complex types, it is not necessary to annotate the full\ntype. Once the ambiguity is resolved, the compiler can infer the rest:\n\n```\nlet x: Vec<_> = \"hello\".chars().rev().collect();\n```\n\nAnother way to provide the compiler with enough information, is to specify the\ngeneric type parameter:\n\n```\nlet x = \"hello\".chars().rev().collect::<Vec<char>>();\n```\n\nAgain, you need not specify the full type if the compiler can infer it:\n\n```\nlet x = \"hello\".chars().rev().collect::<Vec<_>>();\n```\n\nApart from a method or function with a generic type parameter, this error can\noccur when a type parameter of a struct or trait cannot be inferred. In that\ncase it is not always possible to use a type annotation, because all candidates\nhave the same return type. For instance:\n\n```compile_fail,E0282\nstruct Foo<T> {\n    num: T,\n}\n\nimpl<T> Foo<T> {\n    fn bar() -> i32 {\n        0\n    }\n\n    fn baz() {\n        let number = Foo::bar();\n    }\n}\n```\n\nThis will fail because the compiler does not know which instance of `Foo` to\ncall `bar` on. Change `Foo::bar()` to `Foo::<T>::bar()` to resolve the error.\n"},"level":"error","spans":[{"file_name":"tests/integration.rs","byte_start":418,"byte_end":450,"line_start":16,"line_end":16,"column_start":17,"column_end":49,"is_primary":true,"text":[{"text":"    let bytes = to_bytes(resp.into_body()).await.unwrap();","highlight_start":17,"highlight_end":49}],"label":"cannot infer type","suggested_replacement":null,"suggestion_applicability":null,"expansion":null}],"children":[],"rendered":"\u001b[1m\u001b[91merror[E0282]\u001b[0m\u001b[1m: type annotations needed\u001b[0m\n  \u001b[1m\u001b[94m--> \u001b[0mtests/integration.rs:16:17\n   \u001b[1m\u001b[94m|\u001b[0m\n\u001b[1m\u001b[94m16\u001b[0m \u001b[1m\u001b[94m|\u001b[0m     let bytes = to_bytes(resp.into_body()).await.unwrap();\n   \u001b[1m\u001b[94m|\u001b[0m                 \u001b[1m\u001b[91m^^^^^^^^^^^^^^^^^^^^^^^^^^^^^^^^\u001b[0m \u001b[1m\u001b[91mcannot infer type\u001b[0m\n\n"}
{"$message_type":"diagnostic","message":"no method named `oneshot` found for struct `Router<S, B>` in the current scope","code":{"code":"E0599","explanation":"This error occurs when a method is used on a type which doesn't implement it:\n\nErroneous code example:\n\n```compile_fail,E0599\nstruct Mouth;\n\nlet x = Mouth;\nx.chocolate(); // error: no method named `chocolate` found for type `Mouth`\n               //        in the current scope\n```\n\nIn this case, you need to implement the `chocolate` method to fix the error:\n\n```\nstruct Mouth;\n\nimpl Mouth {\n    fn chocolate(&self) { // We implement the `chocolate` method here.\n        println!(\"Hmmm! I love chocolate!\");\n    }\n}\n\nlet x = Mouth;\nx.chocolate(); // ok!\n```\n"},"level":"error","spans":[{"file_name":"/home/onehothodler/.cargo/registry/src/index.crates.io-1949cf8c6b5b557f/tower-0.4.13/src/util/mod.rs","byte_start":2468,"byte_end":2475,"line_start":96,"line_end":96,"column_start":8,"column_end":15,"is_primary":false,"text":[{"text":"    fn oneshot(self, req: Request) -> Oneshot<Self, Request>","highlight_start":8,"highlight_end":15}],"label":"the method is available for `Router` here","suggested_replacement":null,"suggestion_applicability":null,"expansion":null},{"file_name":"tests/integration.rs","byte_start":776,"byte_end":783,"line_start":26,"line_end":26,"column_start":20,"column_end":27,"is_primary":true,"text":[{"text":"    let resp = app.oneshot(req).await.expect(\"request failed\");","highlight_start":20,"highlight_end":27}],"label":null,"suggested_replacement":null,"suggestion_applicability":null,"expansion":null}],"children":[{"message":"items from traits can only be used if the trait is in scope","code":null,"level":"help","spans":[],"children":[],"rendered":null},{"message":"there is a method `nest` with a similar name, but with different arguments","code":null,"level":"help","spans":[{"file_name":"/home/onehothodler/.cargo/registry/src/index.crates.io-1949cf8c6b5b557f/axum-0.6.20/src/routing/mod.rs","byte_start":4444,"byte_end":4507,"line_start":151,"line_end":151,"column_start":5,"column_end":68,"is_primary":true,"text":[{"text":"    pub fn nest(mut self, path: &str, router: Router<S, B>) -> Self {","highlight_start":5,"highlight_end":68}],"label":null,"suggested_replacement":null,"suggestion_applicability":null,"expansion":null}],"children":[],"rendered":null},{"message":"trait `ServiceExt` which provides `oneshot` is implemented but not in scope; perhaps you want to import it","code":null,"level":"help","spans":[{"file_name":"tests/integration.rs","byte_start":0,"byte_end":0,"line_start":1,"line_end":1,"column_start":1,"column_end":1,"is_primary":true,"text":[],"label":null,"suggested_replacement":"use tower::util::ServiceExt;\n","suggestion_applicability":"MaybeIncorrect","expansion":null}],"children":[],"rendered":null}],"rendered":"\u001b[1m\u001b[91merror[E0599]\u001b[0m\u001b[1m: no method named `oneshot` found for struct `Router<S, B>` in the current scope\u001b[0m\n   \u001b[1m\u001b[94m--> \u001b[0mtests/integration.rs:26:20\n    \u001b[1m\u001b[94m|\u001b[0m\n \u001b[1m\u001b[94m26\u001b[0m \u001b[1m\u001b[94m|\u001b[0m     let resp = app.oneshot(req).await.expect(\"request failed\");\n    \u001b[1m\u001b[94m|\u001b[0m                    \u001b[1m\u001b[91m^^^^^^^\u001b[0m\n    \u001b[1m\u001b[94m|\u001b[0m\n   \u001b[1m\u001b[94m::: \u001b[0m/home/onehothodler/.cargo/registry/src/index.crates.io-1949cf8c6b5b557f/tower-0.4.13/src/util/mod.rs:96:8\n    \u001b[1m\u001b[94m|\u001b[0m\n \u001b[1m\u001b[94m96\u001b[0m \u001b[1m\u001b[94m|\u001b[0m     fn oneshot(self, req: Request) -> Oneshot<Self, Request>\n    \u001b[1m\u001b[94m|\u001b[0m        \u001b[1m\u001b[94m-------\u001b[0m \u001b[1m\u001b[94mthe method is available for `Router` here\u001b[0m\n    \u001b[1m\u001b[94m|\u001b[0m\n    \u001b[1m\u001b[94m= \u001b[0m\u001b[1mhelp\u001b[0m: items from traits can only be used if the trait is in scope\n\u001b[1m\u001b[96mhelp\u001b[0m: there is a method `nest` with a similar name, but with different arguments\n   \u001b[1m\u001b[94m--> \u001b[0m/home/onehothodler/.cargo/registry/src/index.crates.io-1949cf8c6b5b557f/axum-0.6.20/src/routing/mod.rs:151:5\n    \u001b[1m\u001b[94m|\u001b[0m\n\u001b[1m\u001b[94m151\u001b[0m \u001b[1m\u001b[94m|\u001b[0m     pub fn nest(mut self, path: &str, router: Router<S, B>) -> Self {\n    \u001b[1m\u001b[94m|\u001b[0m     \u001b[1m\u001b[96m^^^^^^^^^^^^^^^^^^^^^^^^^^^^^^^^^^^^^^^^^^^^^^^^^^^^^^^^^^^^^^^\u001b[0m\n\u001b[1m\u001b[96mhelp\u001b[0m: trait `ServiceExt` which provides `oneshot` is implemented but not in scope; perhaps you want to import it\n    \u001b[1m\u001b[94m|\u001b[0m\n  \u001b[1m\u001b[94m1\u001b[0m \u001b[92m+ use tower::util::ServiceExt;\u001b[0m\n    \u001b[1m\u001b[94m|\u001b[0m\n\n"}
{"$message_type":"diagnostic","message":"type annotations needed","code":{"code":"E0282","explanation":"The compiler could not infer a type and asked for a type annotation.\n\nErroneous code example:\n\n```compile_fail,E0282\nlet x = Vec::new();\n```\n\nThis error indicates that type inference did not result in one unique possible\ntype, and extra information is required. In most cases this can be provided\nby adding a type annotation. Sometimes you need to specify a generic type\nparameter manually.\n\nIn the example above, type `Vec` has a type parameter `T`. When calling\n`Vec::new`, barring any other later usage of the variable `x` that allows the\ncompiler to infer what type `T` is, the compiler needs to be told what it is.\n\nThe type can be specified on the variable:\n\n```\nlet x: Vec<i32> = Vec::new();\n```\n\nThe type can also be specified in the path of the expression:\n\n```\nlet x = Vec::<i32>::new();\n```\n\nIn cases with more complex types, it is not necessary to annotate the full\ntype. Once the ambiguity is resolved, the compiler can infer the rest:\n\n```\nlet x: Vec<_> = \"hello\".chars().rev().collect();\n```\n\nAnother way to provide the compiler with enough information, is to specify the\ngeneric type parameter:\n\n```\nlet x = \"hello\".chars().rev().collect::<Vec<char>>();\n```\n\nAgain, you need not specify the full type if the compiler can infer it:\n\n```\nlet x = \"hello\".chars().rev().collect::<Vec<_>>();\n```\n\nApart from a method or function with a generic type parameter, this error can\noccur when a type parameter of a struct or trait cannot be inferred. In that\ncase it is not always possible to use a type annotation, because all candidates\nhave the same return type. For instance:\n\n```compile_fail,E0282\nstruct Foo<T> {\n    num: T,\n}\n\nimpl<T> Foo<T> {\n    fn bar() -> i32 {\n        0\n    }\n\n    fn baz() {\n        let number = Foo::bar();\n    }\n}\n```\n\nThis will fail because the compiler does not know which instance of `Foo` to\ncall `bar` on. Change `Foo::bar()` to `Foo::<T>::bar()` to resolve the error.\n"},"level":"error","spans":[{"file_name":"tests/integration.rs","byte_start":772,"byte_end":794,"line_start":26,"line_end":26,"column_start":16,"column_end":38,"is_primary":true,"text":[{"text":"    let resp = app.oneshot(req).await.expect(\"request failed\");","highlight_start":16,"highlight_end":38}],"label":"cannot infer type","suggested_replacement":null,"suggestion_applicability":null,"expansion":null}],"children":[],"rendered":"\u001b[1m\u001b[91merror[E0282]\u001b[0m\u001b[1m: type annotations needed\u001b[0m\n  \u001b[1m\u001b[94m--> \u001b[0mtests/integration.rs:26:16\n   \u001b[1m\u001b[94m|\u001b[0m\n\u001b[1m\u001b[94m26\u001b[0m \u001b[1m\u001b[94m|\u001b[0m     let resp = app.oneshot(req).await.expect(\"request failed\");\n   \u001b[1m\u001b[94m|\u001b[0m                \u001b[1m\u001b[91m^^^^^^^^^^^^^^^^^^^^^^\u001b[0m \u001b[1m\u001b[91mcannot infer type\u001b[0m\n\n"}
{"$message_type":"diagnostic","message":"type annotations needed","code":{"code":"E0282","explanation":"The compiler could not infer a type and asked for a type annotation.\n\nErroneous code example:\n\n```compile_fail,E0282\nlet x = Vec::new();\n```\n\nThis error indicates that type inference did not result in one unique possible\ntype, and extra information is required. In most cases this can be provided\nby adding a type annotation. Sometimes you need to specify a generic type\nparameter manually.\n\nIn the example above, type `Vec` has a type parameter `T`. When calling\n`Vec::new`, barring any other later usage of the variable `x` that allows the\ncompiler to infer what type `T` is, the compiler needs to be told what it is.\n\nThe type can be specified on the variable:\n\n```\nlet x: Vec<i32> = Vec::new();\n```\n\nThe type can also be specified in the path of the expression:\n\n```\nlet x = Vec::<i32>::new();\n```\n\nIn cases with more complex types, it is not necessary to annotate the full\ntype. Once the ambiguity is resolved, the compiler can infer the rest:\n\n```\nlet x: Vec<_> = \"hello\".chars().rev().collect();\n```\n\nAnother way to provide the compiler with enough information, is to specify the\ngeneric type parameter:\n\n```\nlet x = \"hello\".chars().rev().collect::<Vec<char>>();\n```\n\nAgain, you need not specify the full type if the compiler can infer it:\n\n```\nlet x = \"hello\".chars().rev().collect::<Vec<_>>();\n```\n\nApart from a method or function with a generic type parameter, this error can\noccur when a type parameter of a struct or trait cannot be inferred. In that\ncase it is not always possible to use a type annotation, because all candidates\nhave the same return type. For instance:\n\n```compile_fail,E0282\nstruct Foo<T> {\n    num: T,\n}\n\nimpl<T> Foo<T> {\n    fn bar() -> i32 {\n        0\n    }\n\n    fn baz() {\n        let number = Foo::bar();\n    }\n}\n```\n\nThis will fail because the compiler does not know which instance of `Foo` to\ncall `bar` on. Change `Foo::bar()` to `Foo::<T>::bar()` to resolve the error.\n"},"level":"error","spans":[{"file_name":"tests/integration.rs","byte_start":838,"byte_end":870,"line_start":27,"line_end":27,"column_start":17,"column_end":49,"is_primary":true,"text":[{"text":"    let bytes = to_bytes(resp.into_body()).await.unwrap();","highlight_start":17,"highlight_end":49}],"label":"cannot infer type","suggested_replacement":null,"suggestion_applicability":null,"expansion":null}],"children":[],"rendered":"\u001b[1m\u001b[91merror[E0282]\u001b[0m\u001b[1m: type annotations needed\u001b[0m\n  \u001b[1m\u001b[94m--> \u001b[0mtests/integration.rs:27:17\n   \u001b[1m\u001b[94m|\u001b[0m\n\u001b[1m\u001b[94m27\u001b[0m \u001b[1m\u001b[94m|\u001b[0m     let bytes = to_bytes(resp.into_body()).await.unwrap();\n   \u001b[1m\u001b[94m|\u001b[0m                 \u001b[1m\u001b[91m^^^^^^^^^^^^^^^^^^^^^^^^^^^^^^^^\u001b[0m \u001b[1m\u001b[91mcannot infer type\u001b[0m\n\n"}
{"$message_type":"diagnostic","message":"aborting due to 8 previous errors","code":null,"level":"error","spans":[],"children":[],"rendered":"\u001b[1m\u001b[91merror\u001b[0m\u001b[1m: aborting due to 8 previous errors\u001b[0m\n\n"}
{"$message_type":"diagnostic","message":"Some errors have detailed explanations: E0282, E0432, E0433, E0599.","code":null,"level":"failure-note","spans":[],"children":[],"rendered":"\u001b[1mSome errors have detailed explanations: E0282, E0432, E0433, E0599.\u001b[0m\n"}
{"$message_type":"diagnostic","message":"For more information about an error, try `rustc --explain E0282`.","code":null,"level":"failure-note","spans":[],"children":[],"rendered":"\u001b[1mFor more information about an error, try `rustc --explain E0282`.\u001b[0m\n"}
